Arguments: 
  /Users/yingbin/.volta/tools/image/node/12.22.8/bin/node /Users/yingbin/.volta/tools/image/yarn/1.22.17/bin/yarn.js add --dev vitepress

PATH: 
  /Users/yingbin/.volta/tools/image/yarn/1.22.17/bin:/Users/yingbin/.volta/tools/image/node/12.22.8/bin:/Users/yingbin/.volta/bin:/usr/local/bin:/usr/bin:/bin:/usr/sbin:/sbin:/Users/yingbin/.volta/bin:/opt/homebrew/bin:/opt/homebrew/sbin

Yarn version: 
  1.22.17

Node version: 
  12.22.8

Platform: 
  darwin x64

Trace: 
  Error: getaddrinfo ENOTFOUND npm.idcvdian.com
      at GetAddrInfoReqWrap.onlookup [as oncomplete] (dns.js:66:26)

npm manifest: 
  {
    "name": "docs",
    "version": "1.0.0",
    "description": "js docs",
    "main": "index.js",
    "author": "liuyingbin",
    "license": "MIT"
  }

yarn manifest: 
  No manifest

Lockfile: 
  No lockfile
